[2022-10-14 01:17:13,879: INFO/MainProcess] Connected to redis://redis:6379/0
[2022-10-14 01:17:13,886: INFO/MainProcess] mingle: searching for neighbors
[2022-10-14 01:17:14,904: INFO/MainProcess] mingle: all alone
[2022-10-14 01:17:14,921: INFO/MainProcess] celery@63fc7a18cc8c ready.
[2022-10-14 01:17:18,144: INFO/MainProcess] Events of group {task} enabled by remote.
[2022-10-14 01:17:24,030: INFO/MainProcess] Received task: create_task[a8c93e2d-aab4-4e08-82ef-d07f764ef0b3]  
[2022-10-14 01:17:25,039: INFO/ForkPoolWorker-7] Task create_task[a8c93e2d-aab4-4e08-82ef-d07f764ef0b3] succeeded in 1.0059931841678917s: True
[2022-10-14 01:22:23,140: INFO/MainProcess] Connected to redis://redis:6379/0
[2022-10-14 01:22:23,148: INFO/MainProcess] mingle: searching for neighbors
[2022-10-14 01:22:24,166: INFO/MainProcess] mingle: all alone
[2022-10-14 01:22:24,183: INFO/MainProcess] celery@ece51093a94b ready.
[2022-10-14 01:22:27,803: INFO/MainProcess] Events of group {task} enabled by remote.
[2022-10-14 01:23:22,268: INFO/MainProcess] Received task: create_task[6b51cadc-f335-4892-9c23-60587e122016]  
[2022-10-14 01:23:23,276: INFO/ForkPoolWorker-7] Task create_task[6b51cadc-f335-4892-9c23-60587e122016] succeeded in 1.006043131928891s: True
[2022-10-14 01:26:51,944: INFO/MainProcess] Connected to redis://redis:6379/0
[2022-10-14 01:26:51,951: INFO/MainProcess] mingle: searching for neighbors
[2022-10-14 01:26:52,972: INFO/MainProcess] mingle: all alone
[2022-10-14 01:26:52,986: INFO/MainProcess] celery@62aeec37afdf ready.
[2022-10-14 01:26:56,713: INFO/MainProcess] Events of group {task} enabled by remote.
[2022-10-14 01:27:57,828: INFO/MainProcess] Connected to redis://redis:6379/0
[2022-10-14 01:27:57,838: INFO/MainProcess] mingle: searching for neighbors
[2022-10-14 01:27:58,855: INFO/MainProcess] mingle: all alone
[2022-10-14 01:27:58,869: INFO/MainProcess] celery@3200f265571b ready.
[2022-10-14 01:28:02,413: INFO/MainProcess] Events of group {task} enabled by remote.
[2022-10-14 01:28:06,156: INFO/MainProcess] Received task: create_task[13f9fad8-1e35-4176-9131-3678aeb5ed66]  
[2022-10-14 01:28:07,164: INFO/ForkPoolWorker-7] Task create_task[13f9fad8-1e35-4176-9131-3678aeb5ed66] succeeded in 1.0048601999878883s: True
[2022-10-14 01:29:29,126: INFO/MainProcess] Connected to redis://redis:6379/0
[2022-10-14 01:29:29,134: INFO/MainProcess] mingle: searching for neighbors
[2022-10-14 01:29:30,151: INFO/MainProcess] mingle: all alone
[2022-10-14 01:29:30,161: INFO/MainProcess] celery@54e5b611c081 ready.
[2022-10-14 01:29:33,809: INFO/MainProcess] Events of group {task} enabled by remote.
[2022-10-14 01:29:39,848: INFO/MainProcess] Received task: create_task[9a701a94-1c12-4a85-9d86-ac9c71e7ac94]  
[2022-10-14 01:29:40,854: INFO/ForkPoolWorker-7] Task create_task[9a701a94-1c12-4a85-9d86-ac9c71e7ac94] succeeded in 1.0046802021097392s: True
[2022-10-14 01:32:19,303: INFO/MainProcess] Connected to redis://redis:6379/0
[2022-10-14 01:32:19,311: INFO/MainProcess] mingle: searching for neighbors
[2022-10-14 01:32:20,329: INFO/MainProcess] mingle: all alone
[2022-10-14 01:32:20,348: INFO/MainProcess] celery@7daedccb1b54 ready.
[2022-10-14 01:32:23,876: INFO/MainProcess] Events of group {task} enabled by remote.
[2022-10-14 01:32:28,902: INFO/MainProcess] Received task: create_task[461e50b3-49c5-41fd-8f33-230dbc89d56b]  
[2022-10-14 01:32:29,911: INFO/ForkPoolWorker-7] Task create_task[461e50b3-49c5-41fd-8f33-230dbc89d56b] succeeded in 1.0059278171975166s: True
[2022-10-14 01:49:06,133: INFO/MainProcess] Connected to redis://redis:6379/0
[2022-10-14 01:49:06,141: INFO/MainProcess] mingle: searching for neighbors
[2022-10-14 01:49:07,159: INFO/MainProcess] mingle: all alone
[2022-10-14 01:49:07,176: INFO/MainProcess] celery@cef72339d794 ready.
[2022-10-14 01:49:10,390: INFO/MainProcess] Events of group {task} enabled by remote.
[2022-10-14 02:27:02,134: INFO/MainProcess] Received task: create_task[19b16c80-07ef-4dfa-bf6b-ecc49fd34504]  
[2022-10-14 02:27:03,142: INFO/ForkPoolWorker-7] Task create_task[19b16c80-07ef-4dfa-bf6b-ecc49fd34504] succeeded in 1.0064316070638597s: True
[2022-10-14 02:29:30,997: INFO/MainProcess] Connected to redis://redis:6379/0
[2022-10-14 02:29:31,005: INFO/MainProcess] mingle: searching for neighbors
[2022-10-14 02:29:32,023: INFO/MainProcess] mingle: all alone
[2022-10-14 02:29:32,032: INFO/MainProcess] celery@05b5548292ff ready.
[2022-10-14 02:29:35,641: INFO/MainProcess] Events of group {task} enabled by remote.
[2022-10-14 02:30:37,058: INFO/MainProcess] Received task: create_task[c6095c82-40a8-4590-968c-6ed303bc632a]  
[2022-10-14 02:30:38,065: INFO/ForkPoolWorker-7] Task create_task[c6095c82-40a8-4590-968c-6ed303bc632a] succeeded in 1.0047495348844677s: True
[2022-10-14 02:34:36,761: INFO/MainProcess] Received task: create_task[5bb0dd92-d6c0-41a6-a508-a3876a5b30f4]  
[2022-10-14 02:34:37,765: INFO/ForkPoolWorker-7] Task create_task[5bb0dd92-d6c0-41a6-a508-a3876a5b30f4] succeeded in 1.0017162230797112s: True
[2022-10-14 02:36:03,728: INFO/MainProcess] Received task: create_task[00b03c5b-d4d6-42ca-9e82-b5760859dcd8]  
[2022-10-14 02:36:04,731: INFO/ForkPoolWorker-7] Task create_task[00b03c5b-d4d6-42ca-9e82-b5760859dcd8] succeeded in 1.0012087428476661s: True
[2022-10-14 02:47:48,991: INFO/MainProcess] Connected to redis://redis:6379/0
[2022-10-14 02:47:48,998: INFO/MainProcess] mingle: searching for neighbors
[2022-10-14 02:47:50,017: INFO/MainProcess] mingle: all alone
[2022-10-14 02:47:50,053: INFO/MainProcess] celery@546e313fac29 ready.
[2022-10-14 02:47:53,261: INFO/MainProcess] Events of group {task} enabled by remote.
[2022-10-14 02:50:31,907: INFO/MainProcess] Received task: create_task[53b60d6a-47bf-4b96-a0b8-6370afad892c]  
[2022-10-14 02:50:32,914: INFO/ForkPoolWorker-7] Task create_task[53b60d6a-47bf-4b96-a0b8-6370afad892c] succeeded in 1.0057804910466075s: True
[2022-10-14 03:23:21,606: INFO/MainProcess] Connected to redis://redis:6379/0
[2022-10-14 03:23:21,614: INFO/MainProcess] mingle: searching for neighbors
[2022-10-14 03:23:22,632: INFO/MainProcess] mingle: all alone
[2022-10-14 03:23:22,643: INFO/MainProcess] celery@cea3bf759799 ready.
[2022-10-14 03:23:26,095: INFO/MainProcess] Events of group {task} enabled by remote.
[2022-10-14 03:24:05,158: INFO/MainProcess] Received task: create_task[ef51931b-6a5b-4135-9374-616c6552f2df]  
[2022-10-14 03:24:06,175: INFO/ForkPoolWorker-7] Task create_task[ef51931b-6a5b-4135-9374-616c6552f2df] succeeded in 1.0147868089843541s: True
[2022-10-14 03:39:44,309: INFO/MainProcess] Connected to redis://redis:6379/0
[2022-10-14 03:39:44,318: INFO/MainProcess] mingle: searching for neighbors
[2022-10-14 03:39:45,335: INFO/MainProcess] mingle: all alone
[2022-10-14 03:39:45,350: INFO/MainProcess] celery@ce1d9c56def1 ready.
[2022-10-14 03:39:48,576: INFO/MainProcess] Events of group {task} enabled by remote.
[2022-10-14 03:40:59,813: INFO/MainProcess] Connected to redis://redis:6379/0
[2022-10-14 03:40:59,822: INFO/MainProcess] mingle: searching for neighbors
[2022-10-14 03:41:00,839: INFO/MainProcess] mingle: all alone
[2022-10-14 03:41:00,854: INFO/MainProcess] celery@1f2f978563a1 ready.
[2022-10-14 03:41:04,526: INFO/MainProcess] Events of group {task} enabled by remote.
[2022-10-14 03:41:38,762: INFO/MainProcess] Connected to redis://redis:6379/0
[2022-10-14 03:41:38,769: INFO/MainProcess] mingle: searching for neighbors
[2022-10-14 03:41:39,788: INFO/MainProcess] mingle: all alone
[2022-10-14 03:41:39,804: INFO/MainProcess] celery@5647f868c546 ready.
[2022-10-14 03:41:43,518: INFO/MainProcess] Events of group {task} enabled by remote.
[2022-10-14 03:42:46,785: INFO/MainProcess] Connected to redis://redis:6379/0
[2022-10-14 03:42:46,794: INFO/MainProcess] mingle: searching for neighbors
[2022-10-14 03:42:47,812: INFO/MainProcess] mingle: all alone
[2022-10-14 03:42:47,827: INFO/MainProcess] celery@d8035aa12f70 ready.
[2022-10-14 03:42:51,508: INFO/MainProcess] Events of group {task} enabled by remote.
[2022-10-14 03:44:34,921: INFO/MainProcess] Connected to redis://redis:6379/0
[2022-10-14 03:44:34,928: INFO/MainProcess] mingle: searching for neighbors
[2022-10-14 03:44:35,946: INFO/MainProcess] mingle: all alone
[2022-10-14 03:44:35,958: INFO/MainProcess] celery@2c47b02e1412 ready.
[2022-10-14 03:44:39,684: INFO/MainProcess] Events of group {task} enabled by remote.
[2022-10-14 03:44:53,756: INFO/MainProcess] Received task: create_task[96723167-99bc-487e-9a53-65b9e760095b]  
[2022-10-14 03:44:54,763: INFO/ForkPoolWorker-7] Task create_task[96723167-99bc-487e-9a53-65b9e760095b] succeeded in 1.0042978799901903s: True
[2022-10-14 03:45:37,424: INFO/MainProcess] Connected to redis://redis:6379/0
[2022-10-14 03:45:37,433: INFO/MainProcess] mingle: searching for neighbors
[2022-10-14 03:45:38,451: INFO/MainProcess] mingle: all alone
[2022-10-14 03:45:38,462: INFO/MainProcess] celery@92f49304206c ready.
[2022-10-14 03:45:42,016: INFO/MainProcess] Events of group {task} enabled by remote.
[2022-10-14 03:45:47,251: INFO/MainProcess] Received task: create_task[f5d83008-534e-4d6d-9790-7888ee165f94]  
[2022-10-14 03:45:48,260: INFO/ForkPoolWorker-7] Task create_task[f5d83008-534e-4d6d-9790-7888ee165f94] succeeded in 1.0058712859172374s: True
[2022-10-14 03:47:49,230: INFO/MainProcess] Connected to redis://redis:6379/0
[2022-10-14 03:47:49,237: INFO/MainProcess] mingle: searching for neighbors
[2022-10-14 03:47:50,254: INFO/MainProcess] mingle: all alone
[2022-10-14 03:47:50,266: INFO/MainProcess] celery@f570c6f63518 ready.
[2022-10-14 03:47:53,812: INFO/MainProcess] Events of group {task} enabled by remote.
[2022-10-14 03:48:00,517: INFO/MainProcess] Received task: create_task[7e12530b-227e-4563-9d93-377d3f59488d]  
[2022-10-14 03:48:01,523: INFO/ForkPoolWorker-7] Task create_task[7e12530b-227e-4563-9d93-377d3f59488d] succeeded in 1.00481949117966s: True
[2022-10-14 23:45:22,062: INFO/MainProcess] Connected to redis://redis:6379/0
[2022-10-14 23:45:22,070: INFO/MainProcess] mingle: searching for neighbors
[2022-10-14 23:45:23,089: INFO/MainProcess] mingle: all alone
[2022-10-14 23:45:23,113: INFO/MainProcess] celery@705a4d6ae8f6 ready.
[2022-10-14 23:45:26,324: INFO/MainProcess] Events of group {task} enabled by remote.
[2022-10-14 23:48:52,996: INFO/MainProcess] Received task: create_task[90cd9c7f-b909-4684-8d59-189721a936c0]  
[2022-10-14 23:48:54,014: INFO/ForkPoolWorker-7] Task create_task[90cd9c7f-b909-4684-8d59-189721a936c0] succeeded in 1.0153961370233446s: True
[2022-10-14 23:53:57,973: INFO/MainProcess] Connected to redis://redis:6379/0
[2022-10-14 23:53:57,980: INFO/MainProcess] mingle: searching for neighbors
[2022-10-14 23:53:58,997: INFO/MainProcess] mingle: all alone
[2022-10-14 23:53:59,020: INFO/MainProcess] celery@df8e8c1bcc93 ready.
[2022-10-14 23:54:02,487: INFO/MainProcess] Events of group {task} enabled by remote.
[2022-10-14 23:54:16,790: INFO/MainProcess] Received task: create_task[ec0fe690-d484-4fa3-b254-682bdcf6220f]  
[2022-10-14 23:54:17,799: INFO/ForkPoolWorker-7] Task create_task[ec0fe690-d484-4fa3-b254-682bdcf6220f] succeeded in 1.0059983651153743s: True
[2022-10-15 00:24:02,055: INFO/MainProcess] Connected to redis://redis:6379/0
[2022-10-15 00:24:02,062: INFO/MainProcess] mingle: searching for neighbors
[2022-10-15 00:24:03,081: INFO/MainProcess] mingle: all alone
[2022-10-15 00:24:03,121: INFO/MainProcess] celery@a866d2a62cb4 ready.
[2022-10-15 00:24:06,532: INFO/MainProcess] Events of group {task} enabled by remote.
[2022-10-15 00:24:16,538: INFO/MainProcess] Received task: create_task[b2a2414e-73d7-4596-9e73-7245932df524]  
[2022-10-15 00:24:17,547: INFO/ForkPoolWorker-7] Task create_task[b2a2414e-73d7-4596-9e73-7245932df524] succeeded in 1.0059448590036482s: True
[2022-10-15 00:28:04,900: INFO/MainProcess] Connected to redis://redis:6379/0
[2022-10-15 00:28:04,907: INFO/MainProcess] mingle: searching for neighbors
[2022-10-15 00:28:05,925: INFO/MainProcess] mingle: all alone
[2022-10-15 00:28:05,936: INFO/MainProcess] celery@d7dbdc834a11 ready.
[2022-10-15 00:28:09,279: INFO/MainProcess] Events of group {task} enabled by remote.
[2022-10-15 00:28:19,498: INFO/MainProcess] Received task: create_task[b322dcaa-56f1-4299-bb52-457ad45f6446]  
[2022-10-15 00:28:20,506: INFO/ForkPoolWorker-7] Task create_task[b322dcaa-56f1-4299-bb52-457ad45f6446] succeeded in 1.004699578974396s: True
[2022-10-24 03:37:52,834: INFO/MainProcess] Connected to redis://redis:6379/0
[2022-10-24 03:37:52,843: INFO/MainProcess] mingle: searching for neighbors
[2022-10-24 03:37:53,862: INFO/MainProcess] mingle: all alone
[2022-10-24 03:37:53,872: INFO/MainProcess] celery@c44eccdc4ffc ready.
[2022-10-24 03:37:57,031: INFO/MainProcess] Events of group {task} enabled by remote.
[2022-10-24 03:39:59,694: INFO/MainProcess] Connected to redis://redis:6379/0
[2022-10-24 03:39:59,703: INFO/MainProcess] mingle: searching for neighbors
[2022-10-24 03:40:00,721: INFO/MainProcess] mingle: all alone
[2022-10-24 03:40:00,732: INFO/MainProcess] celery@683e6c5aa788 ready.
[2022-10-24 03:40:04,200: INFO/MainProcess] Events of group {task} enabled by remote.
[2022-10-24 03:40:38,579: INFO/MainProcess] Received task: create_task[de9dcf9c-4768-459b-9276-914582b33955]  
[2022-10-24 03:40:39,601: INFO/ForkPoolWorker-7] Task create_task[de9dcf9c-4768-459b-9276-914582b33955] succeeded in 1.0189763698726892s: True
[2022-10-24 03:41:33,972: INFO/MainProcess] Connected to redis://redis:6379/0
[2022-10-24 03:41:33,981: INFO/MainProcess] mingle: searching for neighbors
[2022-10-24 03:41:34,998: INFO/MainProcess] mingle: all alone
[2022-10-24 03:41:35,011: INFO/MainProcess] celery@d7c8a147f9b4 ready.
[2022-10-24 03:41:38,493: INFO/MainProcess] Events of group {task} enabled by remote.
[2022-10-24 03:42:08,354: INFO/MainProcess] Received task: create_task[74952912-337a-4333-b1b0-2184116b9d2f]  
[2022-10-24 03:42:09,371: INFO/ForkPoolWorker-7] Task create_task[74952912-337a-4333-b1b0-2184116b9d2f] succeeded in 1.0149395121261477s: True
[2022-10-24 03:48:26,214: INFO/MainProcess] Connected to redis://redis:6379/0
[2022-10-24 03:48:26,222: INFO/MainProcess] mingle: searching for neighbors
[2022-10-24 03:48:27,240: INFO/MainProcess] mingle: all alone
[2022-10-24 03:48:27,259: INFO/MainProcess] celery@6c27e2d814b3 ready.
[2022-10-24 03:48:30,809: INFO/MainProcess] Events of group {task} enabled by remote.
[2022-10-24 03:48:55,934: INFO/MainProcess] Received task: create_task[4e9b25db-2953-4523-b011-ad74bb2bd68f]  
[2022-10-24 03:48:56,942: INFO/ForkPoolWorker-7] Task create_task[4e9b25db-2953-4523-b011-ad74bb2bd68f] succeeded in 1.0043643699027598s: True
[2022-10-29 17:47:30,974: INFO/MainProcess] Connected to redis://redis:6379/0
[2022-10-29 17:47:30,986: INFO/MainProcess] mingle: searching for neighbors
[2022-10-29 17:47:32,013: INFO/MainProcess] mingle: all alone
[2022-10-29 17:47:32,048: INFO/MainProcess] celery@e3c28180a1a9 ready.
[2022-10-29 17:47:34,981: INFO/MainProcess] Events of group {task} enabled by remote.
[2022-10-29 17:48:31,008: INFO/MainProcess] Received task: create_task[431c34ca-5886-4f58-95ca-27fe8e094772]  
[2022-10-29 17:48:32,027: INFO/ForkPoolWorker-7] Task create_task[431c34ca-5886-4f58-95ca-27fe8e094772] succeeded in 1.0166567679843865s: True
[2022-10-29 18:02:11,730: INFO/MainProcess] Connected to redis://redis:6379/0
[2022-10-29 18:02:11,737: INFO/MainProcess] mingle: searching for neighbors
[2022-10-29 18:02:12,760: INFO/MainProcess] mingle: all alone
[2022-10-29 18:02:12,779: INFO/MainProcess] celery@d15e547d77b1 ready.
[2022-10-29 18:02:15,929: INFO/MainProcess] Events of group {task} enabled by remote.
[2022-10-29 18:02:34,156: INFO/MainProcess] Received task: create_task[80253012-3db5-49c6-a75c-f116c93d8ee4]  
[2022-10-29 18:02:35,162: INFO/ForkPoolWorker-7] Task create_task[80253012-3db5-49c6-a75c-f116c93d8ee4] succeeded in 1.0042758960044011s: True
[2022-10-29 18:03:30,369: INFO/MainProcess] Connected to redis://redis:6379/0
[2022-10-29 18:03:30,378: INFO/MainProcess] mingle: searching for neighbors
[2022-10-29 18:03:31,400: INFO/MainProcess] mingle: all alone
[2022-10-29 18:03:31,420: INFO/MainProcess] celery@f2af7b51ab87 ready.
[2022-10-29 18:03:34,438: INFO/MainProcess] Events of group {task} enabled by remote.
[2022-10-29 18:03:38,919: INFO/MainProcess] Received task: create_task[51f1808b-ff9d-40d4-bb6f-0a58ec4f07a1]  
[2022-10-29 18:03:39,927: INFO/ForkPoolWorker-7] Task create_task[51f1808b-ff9d-40d4-bb6f-0a58ec4f07a1] succeeded in 1.0058409959892742s: True
[2022-10-29 18:06:21,920: INFO/MainProcess] Connected to redis://redis:6379/0
[2022-10-29 18:06:21,933: INFO/MainProcess] mingle: searching for neighbors
[2022-10-29 18:06:22,955: INFO/MainProcess] mingle: all alone
[2022-10-29 18:06:22,968: INFO/MainProcess] celery@60722002ad51 ready.
[2022-10-29 18:06:26,057: INFO/MainProcess] Events of group {task} enabled by remote.
[2022-10-29 18:06:30,864: INFO/MainProcess] Received task: create_task[886aff8a-1cc8-42f7-83f2-ed8e9f2d8d04]  
[2022-10-29 18:06:31,872: INFO/ForkPoolWorker-7] Task create_task[886aff8a-1cc8-42f7-83f2-ed8e9f2d8d04] succeeded in 1.005246608023299s: True
[2022-10-29 18:22:12,309: INFO/MainProcess] Connected to redis://redis:6379/0
[2022-10-29 18:22:12,318: INFO/MainProcess] mingle: searching for neighbors
[2022-10-29 18:22:13,335: INFO/MainProcess] mingle: all alone
[2022-10-29 18:22:13,364: INFO/MainProcess] celery@3053f274a7a1 ready.
[2022-10-29 18:22:16,434: INFO/MainProcess] Events of group {task} enabled by remote.
[2022-10-29 18:22:20,808: INFO/MainProcess] Received task: create_task[c5d1ce13-9219-4384-bc27-e8e39ed539d9]  
[2022-10-29 18:22:21,816: INFO/ForkPoolWorker-7] Task create_task[c5d1ce13-9219-4384-bc27-e8e39ed539d9] succeeded in 1.005532237002626s: True
[2022-10-29 18:25:13,257: INFO/MainProcess] Connected to redis://redis:6379/0
[2022-10-29 18:25:13,266: INFO/MainProcess] mingle: searching for neighbors
[2022-10-29 18:25:14,285: INFO/MainProcess] mingle: all alone
[2022-10-29 18:25:14,304: INFO/MainProcess] celery@842e3e9cab2c ready.
[2022-10-29 18:25:17,493: INFO/MainProcess] Events of group {task} enabled by remote.
[2022-10-29 18:25:20,417: INFO/MainProcess] Received task: create_task[2ae2c3e8-016b-4011-ab41-0f4bc62e927e]  
[2022-10-29 18:25:21,425: INFO/ForkPoolWorker-7] Task create_task[2ae2c3e8-016b-4011-ab41-0f4bc62e927e] succeeded in 1.0055010390060488s: True
[2022-10-29 18:26:39,889: INFO/MainProcess] Connected to redis://redis:6379/0
[2022-10-29 18:26:39,898: INFO/MainProcess] mingle: searching for neighbors
[2022-10-29 18:26:40,915: INFO/MainProcess] mingle: all alone
[2022-10-29 18:26:40,926: INFO/MainProcess] celery@b577b6706307 ready.
[2022-10-29 18:26:44,089: INFO/MainProcess] Events of group {task} enabled by remote.
[2022-10-29 18:26:47,417: INFO/MainProcess] Received task: create_task[85fa2ab5-2d70-4fa7-a785-074eb3be67ff]  
[2022-10-29 18:26:48,426: INFO/ForkPoolWorker-7] Task create_task[85fa2ab5-2d70-4fa7-a785-074eb3be67ff] succeeded in 1.0061962789914105s: True
[2022-10-29 18:27:52,447: INFO/MainProcess] Connected to redis://redis:6379/0
[2022-10-29 18:27:52,455: INFO/MainProcess] mingle: searching for neighbors
[2022-10-29 18:27:53,471: INFO/MainProcess] mingle: all alone
[2022-10-29 18:27:53,491: INFO/MainProcess] celery@cb4365c97763 ready.
[2022-10-29 18:27:56,593: INFO/MainProcess] Events of group {task} enabled by remote.
[2022-10-29 18:28:04,337: INFO/MainProcess] Received task: create_task[378a0034-1882-444e-bf67-387d8d06599c]  
[2022-10-29 18:28:05,343: INFO/ForkPoolWorker-7] Task create_task[378a0034-1882-444e-bf67-387d8d06599c] succeeded in 1.0048078079998959s: True
[2022-10-29 18:31:04,879: INFO/MainProcess] Connected to redis://redis:6379/0
[2022-10-29 18:31:04,886: INFO/MainProcess] mingle: searching for neighbors
[2022-10-29 18:31:05,905: INFO/MainProcess] mingle: all alone
[2022-10-29 18:31:05,925: INFO/MainProcess] celery@dd06249c1b0a ready.
[2022-10-29 18:31:09,165: INFO/MainProcess] Events of group {task} enabled by remote.
[2022-10-29 18:32:05,525: INFO/MainProcess] Received task: create_task[a3b7deaf-9ba4-4b16-9cf0-306dee4a4dd6]  
[2022-10-29 18:32:06,535: INFO/ForkPoolWorker-7] Task create_task[a3b7deaf-9ba4-4b16-9cf0-306dee4a4dd6] succeeded in 1.0060830970178358s: True
[2022-10-29 18:33:33,618: INFO/MainProcess] Connected to redis://redis:6379/0
[2022-10-29 18:33:33,632: INFO/MainProcess] mingle: searching for neighbors
[2022-10-29 18:33:34,660: INFO/MainProcess] mingle: all alone
[2022-10-29 18:33:34,680: INFO/MainProcess] celery@278e605f4294 ready.
[2022-10-29 18:33:37,789: INFO/MainProcess] Events of group {task} enabled by remote.
[2022-10-29 18:33:42,048: INFO/MainProcess] Received task: create_task[64fe3801-d823-4ab3-ba59-102126963ea1]  
[2022-10-29 18:33:43,055: INFO/ForkPoolWorker-7] Task create_task[64fe3801-d823-4ab3-ba59-102126963ea1] succeeded in 1.0048442950064782s: True
[2022-10-29 18:34:45,758: INFO/MainProcess] Connected to redis://redis:6379/0
[2022-10-29 18:34:45,768: INFO/MainProcess] mingle: searching for neighbors
[2022-10-29 18:34:46,786: INFO/MainProcess] mingle: all alone
[2022-10-29 18:34:46,800: INFO/MainProcess] celery@36216277c36a ready.
[2022-10-29 18:34:49,833: INFO/MainProcess] Events of group {task} enabled by remote.
[2022-10-29 18:34:53,673: INFO/MainProcess] Received task: create_task[5e9591d1-7c79-45f7-8325-4d3d8914a3dd]  
[2022-10-29 18:34:54,679: INFO/ForkPoolWorker-7] Task create_task[5e9591d1-7c79-45f7-8325-4d3d8914a3dd] succeeded in 1.0041741390014067s: True
[2022-10-29 18:36:10,201: INFO/MainProcess] Connected to redis://redis:6379/0
[2022-10-29 18:36:10,208: INFO/MainProcess] mingle: searching for neighbors
[2022-10-29 18:36:11,226: INFO/MainProcess] mingle: all alone
[2022-10-29 18:36:11,244: INFO/MainProcess] celery@3bb7efa5729e ready.
[2022-10-29 18:36:14,339: INFO/MainProcess] Events of group {task} enabled by remote.
[2022-10-29 18:36:17,620: INFO/MainProcess] Received task: create_task[49319c9b-2c9b-4b08-b038-1e8b9d2ce795]  
[2022-10-29 18:36:18,627: INFO/ForkPoolWorker-7] Task create_task[49319c9b-2c9b-4b08-b038-1e8b9d2ce795] succeeded in 1.0041937709902413s: True
[2022-10-29 18:37:37,055: INFO/MainProcess] Connected to redis://redis:6379/0
[2022-10-29 18:37:37,064: INFO/MainProcess] mingle: searching for neighbors
[2022-10-29 18:37:38,082: INFO/MainProcess] mingle: all alone
[2022-10-29 18:37:38,100: INFO/MainProcess] celery@ce2008d8845b ready.
[2022-10-29 18:37:41,127: INFO/MainProcess] Events of group {task} enabled by remote.
[2022-10-29 18:37:45,798: INFO/MainProcess] Received task: create_task[ef94fedb-e96a-45e4-b223-a3b8fb11aa0a]  
[2022-10-29 18:37:46,805: INFO/ForkPoolWorker-7] Task create_task[ef94fedb-e96a-45e4-b223-a3b8fb11aa0a] succeeded in 1.0048035100044217s: True
[2022-10-30 19:42:13,313: INFO/MainProcess] Connected to redis://redis:6379/0
[2022-10-30 19:42:13,321: INFO/MainProcess] mingle: searching for neighbors
[2022-10-30 19:42:14,339: INFO/MainProcess] mingle: all alone
[2022-10-30 19:42:14,359: INFO/MainProcess] celery@40842743275a ready.
[2022-10-30 19:42:17,577: INFO/MainProcess] Events of group {task} enabled by remote.
[2022-10-30 19:42:24,962: INFO/MainProcess] Received task: create_task[bae5c373-43f2-414d-9660-f89c845a79a3]  
[2022-10-30 19:42:25,970: INFO/ForkPoolWorker-7] Task create_task[bae5c373-43f2-414d-9660-f89c845a79a3] succeeded in 1.0052401649882086s: True
[2022-10-30 19:45:31,626: INFO/MainProcess] Connected to redis://redis:6379/0
[2022-10-30 19:45:31,634: INFO/MainProcess] mingle: searching for neighbors
[2022-10-30 19:45:32,652: INFO/MainProcess] mingle: all alone
[2022-10-30 19:45:32,662: INFO/MainProcess] celery@51e69bc5cb55 ready.
[2022-10-30 19:45:35,726: INFO/MainProcess] Events of group {task} enabled by remote.
[2022-10-30 19:45:39,621: INFO/MainProcess] Received task: create_task[b8a71bc5-268d-4904-98dd-b0e31517a471]  
[2022-10-30 19:45:40,628: INFO/ForkPoolWorker-7] Task create_task[b8a71bc5-268d-4904-98dd-b0e31517a471] succeeded in 1.0043761820124928s: True
[2022-10-30 19:53:37,245: INFO/MainProcess] Connected to redis://redis:6379/0
[2022-10-30 19:53:37,254: INFO/MainProcess] mingle: searching for neighbors
[2022-10-30 19:53:38,273: INFO/MainProcess] mingle: all alone
[2022-10-30 19:53:38,289: INFO/MainProcess] celery@dfbeacc9405f ready.
[2022-10-30 19:53:41,478: INFO/MainProcess] Events of group {task} enabled by remote.
[2022-10-30 19:57:10,470: INFO/MainProcess] Connected to redis://redis:6379/0
[2022-10-30 19:57:10,477: INFO/MainProcess] mingle: searching for neighbors
[2022-10-30 19:57:11,495: INFO/MainProcess] mingle: all alone
[2022-10-30 19:57:11,517: INFO/MainProcess] celery@efedf4be9666 ready.
[2022-10-30 19:57:14,361: INFO/MainProcess] Events of group {task} enabled by remote.
[2022-10-30 19:57:18,508: INFO/MainProcess] Received task: create_task[79714b40-df7a-46c2-82c8-928128263e15]  
[2022-10-30 19:57:19,516: INFO/ForkPoolWorker-7] Task create_task[79714b40-df7a-46c2-82c8-928128263e15] succeeded in 1.0054667229996994s: True
[2022-10-30 21:14:18,077: INFO/MainProcess] Connected to redis://redis:6379/0
[2022-10-30 21:14:18,086: INFO/MainProcess] mingle: searching for neighbors
[2022-10-30 21:14:19,104: INFO/MainProcess] mingle: all alone
[2022-10-30 21:14:19,114: INFO/MainProcess] celery@77f86793cc50 ready.
[2022-10-30 21:14:22,107: INFO/MainProcess] Events of group {task} enabled by remote.
[2022-10-30 21:14:40,920: INFO/MainProcess] Received task: create_task[4897fe8c-ce7e-4bcf-a1b8-9c492cb2c49e]  
[2022-10-30 21:14:41,931: INFO/ForkPoolWorker-7] Task create_task[4897fe8c-ce7e-4bcf-a1b8-9c492cb2c49e] succeeded in 1.0074833229882643s: True
[2022-10-31 03:20:10,398: INFO/MainProcess] Connected to redis://redis:6379/0
[2022-10-31 03:20:10,405: INFO/MainProcess] mingle: searching for neighbors
[2022-10-31 03:20:11,424: INFO/MainProcess] mingle: all alone
[2022-10-31 03:20:11,446: INFO/MainProcess] celery@2816b2b3919f ready.
[2022-10-31 03:20:14,540: INFO/MainProcess] Events of group {task} enabled by remote.
[2022-10-31 04:14:42,519: INFO/MainProcess] Connected to redis://redis:6379/0
[2022-10-31 04:14:42,526: INFO/MainProcess] mingle: searching for neighbors
[2022-10-31 04:14:43,545: INFO/MainProcess] mingle: all alone
[2022-10-31 04:14:43,570: INFO/MainProcess] celery@596c3b010e1a ready.
[2022-10-31 04:14:46,554: INFO/MainProcess] Events of group {task} enabled by remote.
[2022-10-31 04:45:34,139: INFO/MainProcess] Connected to redis://redis:6379/0
[2022-10-31 04:45:34,149: INFO/MainProcess] mingle: searching for neighbors
[2022-10-31 04:45:35,174: INFO/MainProcess] mingle: all alone
[2022-10-31 04:45:35,190: INFO/MainProcess] celery@57cbb797f570 ready.
[2022-10-31 04:45:37,940: INFO/MainProcess] Events of group {task} enabled by remote.
[2022-10-31 04:47:42,303: INFO/MainProcess] Received task: create_task[6db85f33-b6db-4f4b-a241-24dcffce54f9]  
[2022-10-31 04:47:43,312: INFO/ForkPoolWorker-7] Task create_task[6db85f33-b6db-4f4b-a241-24dcffce54f9] succeeded in 1.0060539729893208s: True
[2022-11-04 00:13:58,731: INFO/MainProcess] Connected to redis://redis:6379/0
[2022-11-04 00:13:58,857: INFO/MainProcess] mingle: searching for neighbors
[2022-11-04 00:14:00,133: INFO/MainProcess] mingle: all alone
[2022-11-04 00:14:00,710: INFO/MainProcess] celery@ef1d4afa3955 ready.
[2022-11-04 00:15:26,658: INFO/MainProcess] Received task: create_task[08e35306-2973-41df-9aad-f56a5fe40cb9]  
[2022-11-04 00:15:27,775: INFO/ForkPoolWorker-7] Task create_task[08e35306-2973-41df-9aad-f56a5fe40cb9] succeeded in 1.1153150839963928s: True
[2022-11-04 00:20:47,922: INFO/MainProcess] Connected to redis://redis:6379/0
[2022-11-04 00:20:48,163: INFO/MainProcess] mingle: searching for neighbors
[2022-11-04 00:20:49,425: INFO/MainProcess] mingle: all alone
[2022-11-04 00:20:49,884: INFO/MainProcess] celery@3897c899a772 ready.
[2022-11-04 00:21:13,619: INFO/MainProcess] Received task: create_task[1bb2b022-7f4e-490b-8ee9-d1115912ab52]  
[2022-11-04 00:21:14,737: INFO/ForkPoolWorker-7] Task create_task[1bb2b022-7f4e-490b-8ee9-d1115912ab52] succeeded in 1.1157852480537258s: True
[2022-11-04 01:14:58,144: INFO/MainProcess] Connected to redis://redis:6379/0
[2022-11-04 01:14:58,274: INFO/MainProcess] mingle: searching for neighbors
[2022-11-04 01:14:59,537: INFO/MainProcess] mingle: all alone
[2022-11-04 01:15:00,199: INFO/MainProcess] celery@5b24e419e467 ready.
[2022-11-04 01:18:08,390: INFO/MainProcess] Received task: create_task[1e7bf79e-af87-48d6-add2-4247d682a2c1]  
[2022-11-04 01:18:09,542: INFO/ForkPoolWorker-7] Task create_task[1e7bf79e-af87-48d6-add2-4247d682a2c1] succeeded in 1.1386341740144417s: True
[2022-11-04 01:19:02,951: INFO/MainProcess] Connected to redis://redis:6379/0
[2022-11-04 01:19:03,067: INFO/MainProcess] mingle: searching for neighbors
[2022-11-04 01:19:04,328: INFO/MainProcess] mingle: all alone
[2022-11-04 01:19:04,909: INFO/MainProcess] celery@9f6dc12058c4 ready.
[2022-11-04 01:19:17,606: INFO/MainProcess] Received task: create_task[9f24c8c0-dbea-4167-b99c-8ef983bb1670]  
[2022-11-04 01:19:18,748: INFO/ForkPoolWorker-7] Task create_task[9f24c8c0-dbea-4167-b99c-8ef983bb1670] succeeded in 1.1401581189711578s: True
[2022-11-05 18:29:11,929: INFO/MainProcess] Connected to redis://redis:6379/0
[2022-11-05 18:29:12,048: INFO/MainProcess] mingle: searching for neighbors
[2022-11-05 18:29:13,294: INFO/MainProcess] mingle: all alone
[2022-11-05 18:29:13,855: INFO/MainProcess] celery@ae2e5e064135 ready.
[2022-11-05 18:29:24,388: INFO/MainProcess] Received task: create_task[b86d3fec-7a3f-47ca-876f-c489f3b43f2a]  
[2022-11-05 18:29:25,503: INFO/ForkPoolWorker-7] Task create_task[b86d3fec-7a3f-47ca-876f-c489f3b43f2a] succeeded in 1.1136261820211075s: True
[2022-11-05 18:44:45,499: INFO/MainProcess] Connected to redis://redis:6379/0
[2022-11-05 18:44:45,744: INFO/MainProcess] mingle: searching for neighbors
[2022-11-05 18:44:47,011: INFO/MainProcess] mingle: all alone
[2022-11-05 18:44:47,474: INFO/MainProcess] celery@bbbc3b93ba96 ready.
[2022-11-05 18:44:58,468: INFO/MainProcess] Received task: create_task[e4b9f984-ac8d-4aca-92e7-a6aefa23bb79]  
[2022-11-05 18:44:59,591: INFO/ForkPoolWorker-7] Task create_task[e4b9f984-ac8d-4aca-92e7-a6aefa23bb79] succeeded in 1.119696726964321s: True
[2022-11-05 18:47:49,656: INFO/MainProcess] Connected to redis://redis:6379/0
[2022-11-05 18:47:49,786: INFO/MainProcess] mingle: searching for neighbors
[2022-11-05 18:47:51,053: INFO/MainProcess] mingle: all alone
[2022-11-05 18:47:51,630: INFO/MainProcess] celery@3e2f04e9cb4c ready.
[2022-11-05 18:48:01,345: INFO/MainProcess] Received task: create_task[1f0bb56f-ddb0-4a41-9252-a3d88d1fdd73]  
[2022-11-05 18:48:02,466: INFO/ForkPoolWorker-7] Task create_task[1f0bb56f-ddb0-4a41-9252-a3d88d1fdd73] succeeded in 1.1187387990066782s: True
[2022-11-05 18:49:26,598: INFO/MainProcess] Connected to redis://redis:6379/0
[2022-11-05 18:49:26,837: INFO/MainProcess] mingle: searching for neighbors
[2022-11-05 18:49:28,188: INFO/MainProcess] mingle: all alone
[2022-11-05 18:49:28,651: INFO/MainProcess] celery@23514c525363 ready.
[2022-11-05 18:49:35,197: INFO/MainProcess] Received task: create_task[2eefbd62-68b9-4509-8218-0ee8e48db23f]  
[2022-11-05 18:49:36,343: INFO/ForkPoolWorker-7] Task create_task[2eefbd62-68b9-4509-8218-0ee8e48db23f] succeeded in 1.144451265980024s: True
[2022-11-05 18:52:11,321: INFO/MainProcess] Connected to redis://redis:6379/0
[2022-11-05 18:52:11,451: INFO/MainProcess] mingle: searching for neighbors
[2022-11-05 18:52:12,712: INFO/MainProcess] mingle: all alone
[2022-11-05 18:52:13,412: INFO/MainProcess] celery@c78f7f39a916 ready.
[2022-11-05 18:52:19,148: INFO/MainProcess] Received task: create_task[05d4a278-6e71-4c91-9300-7b3af7194040]  
[2022-11-05 18:52:20,266: INFO/ForkPoolWorker-7] Task create_task[05d4a278-6e71-4c91-9300-7b3af7194040] succeeded in 1.1150677050463855s: True
[2022-11-05 18:53:31,063: INFO/MainProcess] Connected to redis://redis:6379/0
[2022-11-05 18:53:31,193: INFO/MainProcess] mingle: searching for neighbors
[2022-11-05 18:53:32,460: INFO/MainProcess] mingle: all alone
[2022-11-05 18:53:33,049: INFO/MainProcess] celery@0d30e17a2d75 ready.
[2022-11-05 18:53:38,713: INFO/MainProcess] Received task: create_task[53f994f9-8b10-4d93-9953-0f4df5a119fd]  
[2022-11-05 18:53:39,833: INFO/ForkPoolWorker-7] Task create_task[53f994f9-8b10-4d93-9953-0f4df5a119fd] succeeded in 1.1174805169575848s: True
[2022-11-05 18:59:36,936: INFO/MainProcess] Connected to redis://redis:6379/0
[2022-11-05 18:59:37,060: INFO/MainProcess] mingle: searching for neighbors
[2022-11-05 18:59:38,327: INFO/MainProcess] mingle: all alone
[2022-11-05 18:59:38,928: INFO/MainProcess] celery@fdfdb8fc77f8 ready.
[2022-11-05 18:59:45,681: INFO/MainProcess] Received task: create_task[356e2eed-d629-4bb3-a87e-88c579ad62e2]  
[2022-11-05 18:59:46,800: INFO/ForkPoolWorker-7] Task create_task[356e2eed-d629-4bb3-a87e-88c579ad62e2] succeeded in 1.1169906209688634s: True
[2022-11-05 19:00:43,408: INFO/MainProcess] Connected to redis://redis:6379/0
[2022-11-05 19:00:43,535: INFO/MainProcess] mingle: searching for neighbors
[2022-11-05 19:00:44,798: INFO/MainProcess] mingle: all alone
[2022-11-05 19:00:45,397: INFO/MainProcess] celery@8a2a308f9843 ready.
[2022-11-05 19:00:52,603: INFO/MainProcess] Received task: create_task[34affd89-b459-4245-b572-15b00758f038]  
[2022-11-05 19:00:53,725: INFO/ForkPoolWorker-7] Task create_task[34affd89-b459-4245-b572-15b00758f038] succeeded in 1.119094616966322s: True
[2022-11-05 19:07:57,406: INFO/MainProcess] Connected to redis://redis:6379/0
[2022-11-05 19:07:57,649: INFO/MainProcess] mingle: searching for neighbors
[2022-11-05 19:07:58,915: INFO/MainProcess] mingle: all alone
[2022-11-05 19:07:59,398: INFO/MainProcess] celery@493dcd9c0117 ready.
[2022-11-05 19:08:07,590: INFO/MainProcess] Received task: create_task[e247a9fc-b410-4fe3-8635-fadc9bd366c5]  
[2022-11-05 19:08:08,720: INFO/ForkPoolWorker-7] Task create_task[e247a9fc-b410-4fe3-8635-fadc9bd366c5] succeeded in 1.1171576239867136s: True
[2022-11-05 19:09:04,322: INFO/MainProcess] Connected to redis://redis:6379/0
[2022-11-05 19:09:04,452: INFO/MainProcess] mingle: searching for neighbors
[2022-11-05 19:09:05,722: INFO/MainProcess] mingle: all alone
[2022-11-05 19:09:06,420: INFO/MainProcess] celery@1f96d2a512db ready.
[2022-11-05 19:09:14,037: INFO/MainProcess] Received task: create_task[2c6451dd-3695-4204-9f26-ea1a09e952c2]  
[2022-11-05 19:09:15,157: INFO/ForkPoolWorker-7] Task create_task[2c6451dd-3695-4204-9f26-ea1a09e952c2] succeeded in 1.1177682299748994s: True
[2022-11-05 19:12:53,606: INFO/MainProcess] Connected to redis://redis:6379/0
[2022-11-05 19:12:53,726: INFO/MainProcess] mingle: searching for neighbors
[2022-11-05 19:12:54,969: INFO/MainProcess] mingle: all alone
[2022-11-05 19:12:55,662: INFO/MainProcess] celery@44a9de7ac6f9 ready.
[2022-11-05 19:13:03,191: INFO/MainProcess] Received task: create_task[d1066dfd-a769-4efb-954c-0d47280bfe55]  
[2022-11-05 19:13:04,311: INFO/ForkPoolWorker-7] Task create_task[d1066dfd-a769-4efb-954c-0d47280bfe55] succeeded in 1.1175650410004891s: True
[2022-11-05 19:16:25,384: INFO/MainProcess] Connected to redis://redis:6379/0
[2022-11-05 19:16:25,504: INFO/MainProcess] mingle: searching for neighbors
[2022-11-05 19:16:26,771: INFO/MainProcess] mingle: all alone
[2022-11-05 19:16:27,368: INFO/MainProcess] celery@fba390a0e697 ready.
[2022-11-05 19:16:35,513: INFO/MainProcess] Received task: create_task[b6ff7b52-19cd-48fe-a670-49526785f9ea]  
[2022-11-05 19:16:36,632: INFO/ForkPoolWorker-7] Task create_task[b6ff7b52-19cd-48fe-a670-49526785f9ea] succeeded in 1.116714777017478s: True
[2022-11-05 19:17:32,195: INFO/MainProcess] Connected to redis://redis:6379/0
[2022-11-05 19:17:32,324: INFO/MainProcess] mingle: searching for neighbors
[2022-11-05 19:17:33,591: INFO/MainProcess] mingle: all alone
[2022-11-05 19:17:34,293: INFO/MainProcess] celery@7150fd1b6262 ready.
[2022-11-05 19:17:42,314: INFO/MainProcess] Received task: create_task[cd6cda8b-1a5a-444c-8c01-d2b77f8c1574]  
[2022-11-05 19:17:43,433: INFO/ForkPoolWorker-7] Task create_task[cd6cda8b-1a5a-444c-8c01-d2b77f8c1574] succeeded in 1.11688452900853s: True
[2022-11-05 20:10:36,931: INFO/MainProcess] Connected to redis://redis:6379/0
[2022-11-05 20:10:37,161: INFO/MainProcess] mingle: searching for neighbors
[2022-11-05 20:10:38,442: INFO/MainProcess] mingle: all alone
[2022-11-05 20:10:39,046: INFO/MainProcess] celery@d39e83394e55 ready.
[2022-11-05 20:10:47,912: INFO/MainProcess] Received task: create_task[4777ca4a-4de8-426f-aa1f-0cea27e941e2]  
[2022-11-05 20:10:49,028: INFO/ForkPoolWorker-7] Task create_task[4777ca4a-4de8-426f-aa1f-0cea27e941e2] succeeded in 1.1143778649857268s: True
[2022-11-05 20:11:46,705: INFO/MainProcess] Connected to redis://redis:6379/0
[2022-11-05 20:11:46,832: INFO/MainProcess] mingle: searching for neighbors
[2022-11-05 20:11:48,198: INFO/MainProcess] mingle: all alone
[2022-11-05 20:11:48,800: INFO/MainProcess] celery@ab9e93a72637 ready.
[2022-11-05 20:11:57,338: INFO/MainProcess] Received task: create_task[4f362a18-7eea-40f3-97ec-fcd4472ac8a2]  
[2022-11-05 20:11:58,460: INFO/ForkPoolWorker-7] Task create_task[4f362a18-7eea-40f3-97ec-fcd4472ac8a2] succeeded in 1.1195293579949066s: True
[2022-11-05 20:17:23,162: INFO/MainProcess] Connected to redis://redis:6379/0
[2022-11-05 20:17:23,291: INFO/MainProcess] mingle: searching for neighbors
[2022-11-05 20:17:24,559: INFO/MainProcess] mingle: all alone
[2022-11-05 20:17:25,172: INFO/MainProcess] celery@99b1505f8d2d ready.
[2022-11-05 20:17:35,999: INFO/MainProcess] Received task: create_task[22274b42-46a1-4d11-ad2b-b9b3f0ba91d0]  
[2022-11-05 20:17:37,119: INFO/ForkPoolWorker-7] Task create_task[22274b42-46a1-4d11-ad2b-b9b3f0ba91d0] succeeded in 1.1178562639979646s: True
[2022-11-05 20:22:16,216: INFO/MainProcess] Connected to redis://redis:6379/0
[2022-11-05 20:22:16,345: INFO/MainProcess] mingle: searching for neighbors
[2022-11-05 20:22:17,613: INFO/MainProcess] mingle: all alone
[2022-11-05 20:22:18,237: INFO/MainProcess] celery@99a03f049a43 ready.
[2022-11-05 20:22:28,367: INFO/MainProcess] Received task: create_task[1d6ab869-9883-4df4-ad81-154e642fb2e6]  
[2022-11-05 20:22:29,485: INFO/ForkPoolWorker-7] Task create_task[1d6ab869-9883-4df4-ad81-154e642fb2e6] succeeded in 1.1156776580028236s: True
[2022-11-05 20:23:18,322: INFO/MainProcess] Connected to redis://redis:6379/0
[2022-11-05 20:23:18,449: INFO/MainProcess] mingle: searching for neighbors
[2022-11-05 20:23:19,695: INFO/MainProcess] mingle: all alone
[2022-11-05 20:23:20,277: INFO/MainProcess] celery@bc463d7c9c73 ready.
[2022-11-05 20:24:03,014: INFO/MainProcess] Received task: create_task[fbb8d58d-11c2-4d02-a624-3d08cb55a5d5]  
[2022-11-05 20:24:04,134: INFO/ForkPoolWorker-7] Task create_task[fbb8d58d-11c2-4d02-a624-3d08cb55a5d5] succeeded in 1.1180553440353833s: True
[2022-11-05 20:25:54,895: INFO/MainProcess] Connected to redis://redis:6379/0
[2022-11-05 20:25:55,024: INFO/MainProcess] mingle: searching for neighbors
[2022-11-05 20:25:56,289: INFO/MainProcess] mingle: all alone
[2022-11-05 20:25:56,881: INFO/MainProcess] celery@42a8fcbb1daa ready.
[2022-11-05 20:26:38,184: INFO/MainProcess] Received task: create_task[2be517c4-46c2-4453-a70b-cdc0e81b2cf6]  
[2022-11-05 20:26:39,449: INFO/ForkPoolWorker-7] Task create_task[2be517c4-46c2-4453-a70b-cdc0e81b2cf6] succeeded in 1.243751786998473s: True
[2022-11-17 03:54:14,129: INFO/MainProcess] Connected to redis://redis:6379/0
[2022-11-17 03:54:14,251: INFO/MainProcess] mingle: searching for neighbors
[2022-11-17 03:54:15,512: INFO/MainProcess] mingle: all alone
[2022-11-17 03:54:16,192: INFO/MainProcess] celery@804080b11271 ready.
[2022-11-17 03:54:17,625: INFO/MainProcess] Events of group {task} enabled by remote.
[2022-11-17 03:59:38,710: INFO/MainProcess] Connected to redis://redis:6379/0
[2022-11-17 03:59:38,833: INFO/MainProcess] mingle: searching for neighbors
[2022-11-17 03:59:40,184: INFO/MainProcess] mingle: all alone
[2022-11-17 03:59:40,750: INFO/MainProcess] celery@925c06052d7b ready.
[2022-11-17 03:59:42,353: INFO/MainProcess] Events of group {task} enabled by remote.
[2022-11-17 04:03:09,914: INFO/MainProcess] Connected to redis://redis:6379/0
[2022-11-17 04:03:10,039: INFO/MainProcess] mingle: searching for neighbors
[2022-11-17 04:03:11,300: INFO/MainProcess] mingle: all alone
[2022-11-17 04:03:11,878: INFO/MainProcess] celery@479bd5a56f45 ready.
[2022-11-17 04:03:13,673: INFO/MainProcess] Events of group {task} enabled by remote.
[2022-11-17 04:06:10,253: INFO/MainProcess] Connected to redis://redis:6379/0
[2022-11-17 04:06:10,377: INFO/MainProcess] mingle: searching for neighbors
[2022-11-17 04:06:11,639: INFO/MainProcess] mingle: all alone
[2022-11-17 04:06:12,318: INFO/MainProcess] celery@47f9c64c400d ready.
[2022-11-17 04:06:14,166: INFO/MainProcess] Events of group {task} enabled by remote.
[2022-11-17 04:07:01,831: INFO/MainProcess] Received task: create_task[981c5699-5170-40ee-ac00-22b4ac7c77b9]  
[2022-11-17 04:07:02,981: INFO/ForkPoolWorker-7] Task create_task[981c5699-5170-40ee-ac00-22b4ac7c77b9] succeeded in 1.1351763509992452s: True
[2022-11-21 16:14:34,264: INFO/MainProcess] Connected to redis://redis:6379/0
[2022-11-21 16:14:34,386: INFO/MainProcess] mingle: searching for neighbors
[2022-11-21 16:14:35,629: INFO/MainProcess] mingle: all alone
[2022-11-21 16:14:36,297: INFO/MainProcess] celery@83d900821109 ready.
[2022-11-21 16:14:37,116: INFO/MainProcess] Events of group {task} enabled by remote.
[2022-11-21 16:16:10,252: INFO/MainProcess] Received task: create_task[99fc3c01-a2ab-498e-a518-30057b5476ee]  
[2022-11-21 16:16:11,384: INFO/ForkPoolWorker-7] Task create_task[99fc3c01-a2ab-498e-a518-30057b5476ee] succeeded in 1.1265878599951975s: True
[2022-11-21 17:09:27,377: WARNING/MainProcess] consumer: Connection to broker lost. Trying to re-establish the connection...
Traceback (most recent call last):
  File "/usr/local/lib/python3.9/site-packages/celery/worker/consumer/consumer.py", line 318, in start
    blueprint.start(self)
  File "/usr/local/lib/python3.9/site-packages/celery/bootsteps.py", line 119, in start
    step.start(parent)
  File "/usr/local/lib/python3.9/site-packages/celery/worker/consumer/consumer.py", line 599, in start
    c.loop(*c.loop_args())
  File "/usr/local/lib/python3.9/site-packages/celery/worker/loops.py", line 83, in asynloop
    next(loop)
  File "/usr/local/lib/python3.9/site-packages/kombu/asynchronous/hub.py", line 364, in create_loop
    cb(*cbargs)
  File "/usr/local/lib/python3.9/site-packages/kombu/transport/redis.py", line 1083, in on_readable
    self.cycle.on_readable(fileno)
  File "/usr/local/lib/python3.9/site-packages/kombu/transport/redis.py", line 354, in on_readable
    chan.handlers[type]()
  File "/usr/local/lib/python3.9/site-packages/kombu/transport/redis.py", line 688, in _receive
    ret.append(self._receive_one(c))
  File "/usr/local/lib/python3.9/site-packages/kombu/transport/redis.py", line 698, in _receive_one
    response = c.parse_response()
  File "/usr/local/lib/python3.9/site-packages/redis/client.py", line 1500, in parse_response
    response = self._execute(conn, conn.read_response)
  File "/usr/local/lib/python3.9/site-packages/redis/client.py", line 1482, in _execute
    return conn.retry.call_with_retry(
  File "/usr/local/lib/python3.9/site-packages/redis/retry.py", line 49, in call_with_retry
    fail(error)
  File "/usr/local/lib/python3.9/site-packages/redis/client.py", line 1484, in <lambda>
    lambda error: self._disconnect_raise_connect(conn, error),
  File "/usr/local/lib/python3.9/site-packages/redis/client.py", line 1471, in _disconnect_raise_connect
    raise error
  File "/usr/local/lib/python3.9/site-packages/redis/retry.py", line 46, in call_with_retry
    return do()
  File "/usr/local/lib/python3.9/site-packages/redis/client.py", line 1483, in <lambda>
    lambda: command(*args, **kwargs),
  File "/usr/local/lib/python3.9/site-packages/redis/connection.py", line 824, in read_response
    response = self._parser.read_response(disable_decoding=disable_decoding)
  File "/usr/local/lib/python3.9/site-packages/redis/connection.py", line 318, in read_response
    raw = self._buffer.readline()
  File "/usr/local/lib/python3.9/site-packages/redis/connection.py", line 249, in readline
    self._read_from_socket()
  File "/usr/local/lib/python3.9/site-packages/redis/connection.py", line 195, in _read_from_socket
    raise ConnectionError(SERVER_CLOSED_CONNECTION_ERROR)
redis.exceptions.ConnectionError: Connection closed by server.
[2022-11-21 17:09:27,399: INFO/MainProcess] Connected to redis://redis:6379/0
[2022-11-21 17:09:27,407: INFO/MainProcess] mingle: searching for neighbors
[2022-11-21 17:09:28,412: INFO/MainProcess] mingle: all alone
[2022-11-21 17:58:41,583: INFO/MainProcess] Connected to redis://redis:6379/0
[2022-11-21 17:58:41,704: INFO/MainProcess] mingle: searching for neighbors
[2022-11-21 17:58:42,949: INFO/MainProcess] mingle: all alone
[2022-11-21 17:58:43,646: INFO/MainProcess] celery@d904c14a4553 ready.
[2022-11-21 17:58:44,996: INFO/MainProcess] Events of group {task} enabled by remote.
[2022-11-21 17:59:58,290: INFO/MainProcess] Received task: create_task[dcde3e2d-a530-4e90-b4f7-cb8166284632]  
[2022-11-21 17:59:59,429: INFO/ForkPoolWorker-7] Task create_task[dcde3e2d-a530-4e90-b4f7-cb8166284632] succeeded in 1.1247439949947875s: True
[2022-11-21 18:01:03,262: INFO/MainProcess] Connected to redis://redis:6379/0
[2022-11-21 18:01:03,384: INFO/MainProcess] mingle: searching for neighbors
[2022-11-21 18:01:04,619: INFO/MainProcess] mingle: all alone
[2022-11-21 18:01:05,291: INFO/MainProcess] celery@4f6bc78dc1aa ready.
[2022-11-21 18:01:06,978: INFO/MainProcess] Events of group {task} enabled by remote.
[2022-11-21 18:02:32,114: INFO/MainProcess] Received task: create_task[43031be1-4971-42c4-a94d-8b910ea5b4ca]  
[2022-11-21 18:02:33,259: INFO/ForkPoolWorker-7] Task create_task[43031be1-4971-42c4-a94d-8b910ea5b4ca] succeeded in 1.140991666004993s: True
[2022-11-21 18:04:18,433: INFO/MainProcess] Connected to redis://redis:6379/0
[2022-11-21 18:04:18,550: INFO/MainProcess] mingle: searching for neighbors
[2022-11-21 18:04:19,792: INFO/MainProcess] mingle: all alone
[2022-11-21 18:04:20,368: INFO/MainProcess] celery@2c53f5ec7c7f ready.
[2022-11-21 18:04:22,237: INFO/MainProcess] Events of group {task} enabled by remote.
[2022-11-21 18:05:45,352: INFO/MainProcess] Received task: create_task[895e1a4d-efdb-4949-a05c-955e9ae2fd53]  
[2022-11-21 18:05:46,468: INFO/ForkPoolWorker-7] Task create_task[895e1a4d-efdb-4949-a05c-955e9ae2fd53] succeeded in 1.111706141004106s: True
[2022-11-21 18:10:19,447: INFO/MainProcess] Connected to redis://redis:6379/0
[2022-11-21 18:10:19,564: INFO/MainProcess] mingle: searching for neighbors
[2022-11-21 18:10:20,819: INFO/MainProcess] mingle: all alone
[2022-11-21 18:10:21,376: INFO/MainProcess] celery@46cc2e71be3e ready.
[2022-11-21 18:10:23,254: INFO/MainProcess] Events of group {task} enabled by remote.
[2022-11-21 18:11:54,183: INFO/MainProcess] Received task: create_task[ad4ebc93-d254-4a1f-8a19-772f2eab2471]  
[2022-11-21 18:11:55,325: INFO/ForkPoolWorker-7] Task create_task[ad4ebc93-d254-4a1f-8a19-772f2eab2471] succeeded in 1.1268973360129166s: True
[2022-11-21 18:19:41,242: INFO/MainProcess] sync with celery@624a2899346b
[2022-11-21 18:23:27,817: INFO/MainProcess] sync with celery@624a2899346b
[2022-11-21 18:23:37,741: INFO/MainProcess] sync with celery@624a2899346b
[2022-11-21 18:24:25,282: INFO/MainProcess] sync with celery@624a2899346b
[2022-11-21 18:27:14,200: INFO/MainProcess] Connected to redis://redis:6379/0
[2022-11-21 18:27:14,313: INFO/MainProcess] mingle: searching for neighbors
[2022-11-21 18:27:15,553: INFO/MainProcess] mingle: all alone
[2022-11-21 18:27:16,131: INFO/MainProcess] celery@fdc9180adbcd ready.
[2022-11-21 18:27:17,897: INFO/MainProcess] Events of group {task} enabled by remote.
[2022-11-21 18:29:05,236: INFO/MainProcess] Received task: create_task[199ada0d-4390-4495-9327-25e97ea2b79c]  
[2022-11-21 18:29:06,395: INFO/ForkPoolWorker-7] Task create_task[199ada0d-4390-4495-9327-25e97ea2b79c] succeeded in 1.1394372749782633s: True
[2022-11-21 18:31:12,487: INFO/MainProcess] Connected to redis://redis:6379/0
[2022-11-21 18:31:12,607: INFO/MainProcess] mingle: searching for neighbors
[2022-11-21 18:31:13,849: INFO/MainProcess] mingle: all alone
[2022-11-21 18:31:14,424: INFO/MainProcess] celery@f32895aab4bd ready.
[2022-11-21 18:31:16,319: INFO/MainProcess] Events of group {task} enabled by remote.
[2022-11-21 18:32:46,159: INFO/MainProcess] Received task: create_task[d3f0a19f-76fb-4867-9739-8e5f2d1f11e9]  
[2022-11-21 18:32:47,304: INFO/ForkPoolWorker-7] Task create_task[d3f0a19f-76fb-4867-9739-8e5f2d1f11e9] succeeded in 1.1294400710030459s: True
[2022-11-21 18:45:35,334: INFO/MainProcess] Connected to redis://redis:6379/0
[2022-11-21 18:45:35,461: INFO/MainProcess] mingle: searching for neighbors
[2022-11-21 18:45:36,697: INFO/MainProcess] mingle: all alone
[2022-11-21 18:45:37,269: INFO/MainProcess] celery@5619319ceec6 ready.
[2022-11-21 18:45:38,649: INFO/MainProcess] Events of group {task} enabled by remote.
[2022-11-21 18:47:04,153: INFO/MainProcess] Received task: create_task[3fb48eec-fc65-4cfb-a8cb-7e1f20b7d13d]  
[2022-11-21 18:47:05,293: INFO/ForkPoolWorker-7] Task create_task[3fb48eec-fc65-4cfb-a8cb-7e1f20b7d13d] succeeded in 1.1353227060171776s: True
[2022-11-21 18:52:56,469: INFO/MainProcess] Connected to redis://redis:6379/0
[2022-11-21 18:52:56,592: INFO/MainProcess] mingle: searching for neighbors
[2022-11-21 18:52:57,824: INFO/MainProcess] mingle: all alone
[2022-11-21 18:52:58,404: INFO/MainProcess] celery@9601c8b0c8e8 ready.
[2022-11-21 18:52:59,901: INFO/MainProcess] Events of group {task} enabled by remote.
[2022-11-21 18:54:28,918: INFO/MainProcess] Received task: create_task[2db0681b-154a-44cd-8895-3654a32ba78f]  
[2022-11-21 18:54:30,057: INFO/ForkPoolWorker-7] Task create_task[2db0681b-154a-44cd-8895-3654a32ba78f] succeeded in 1.1349881830101367s: True
[2022-11-21 19:04:52,379: INFO/MainProcess] Connected to redis://redis:6379/0
[2022-11-21 19:04:52,495: INFO/MainProcess] mingle: searching for neighbors
[2022-11-21 19:04:53,739: INFO/MainProcess] mingle: all alone
[2022-11-21 19:04:54,412: INFO/MainProcess] celery@35519d7bd685 ready.
[2022-11-21 19:04:55,944: INFO/MainProcess] Events of group {task} enabled by remote.
[2022-11-21 19:06:13,382: INFO/MainProcess] Received task: create_task[72327374-805a-4ea9-84a7-762d0490bfde]  
[2022-11-21 19:06:14,532: INFO/ForkPoolWorker-7] Task create_task[72327374-805a-4ea9-84a7-762d0490bfde] succeeded in 1.1365989960031584s: True
[2022-11-21 19:14:38,256: INFO/MainProcess] Connected to redis://redis:6379/0
[2022-11-21 19:14:38,376: INFO/MainProcess] mingle: searching for neighbors
[2022-11-21 19:14:39,608: INFO/MainProcess] mingle: all alone
[2022-11-21 19:14:40,175: INFO/MainProcess] celery@deee7e76be6f ready.
[2022-11-21 19:14:42,005: INFO/MainProcess] Events of group {task} enabled by remote.
[2022-11-21 19:15:53,722: INFO/MainProcess] Received task: create_task[a95deb76-9fc1-4379-a230-56c4c44f0339]  
[2022-11-21 19:15:54,849: INFO/ForkPoolWorker-7] Task create_task[a95deb76-9fc1-4379-a230-56c4c44f0339] succeeded in 1.1232862570032012s: True
[2022-11-24 00:20:23,672: INFO/MainProcess] Connected to redis://redis:6379/0
[2022-11-24 00:20:23,797: INFO/MainProcess] mingle: searching for neighbors
[2022-11-24 00:20:25,063: INFO/MainProcess] mingle: all alone
[2022-11-24 00:20:25,659: INFO/MainProcess] celery@d9874e594580 ready.
[2022-11-24 00:20:27,045: INFO/MainProcess] Events of group {task} enabled by remote.
[2022-11-24 00:21:37,430: INFO/MainProcess] Received task: create_task[edeef60d-ec67-410e-9eac-def9e7115cdf]  
[2022-11-24 00:21:38,562: INFO/ForkPoolWorker-7] Task create_task[edeef60d-ec67-410e-9eac-def9e7115cdf] succeeded in 1.1265533750411123s: True
[2022-11-24 00:24:08,242: INFO/MainProcess] Connected to redis://redis:6379/0
[2022-11-24 00:24:08,369: INFO/MainProcess] mingle: searching for neighbors
[2022-11-24 00:24:09,628: INFO/MainProcess] mingle: all alone
[2022-11-24 00:24:10,324: INFO/MainProcess] celery@3a940d5aefa3 ready.
[2022-11-24 00:24:12,191: INFO/MainProcess] Events of group {task} enabled by remote.
[2022-11-24 00:25:22,583: INFO/MainProcess] Received task: create_task[4bf3fa0e-f459-4d18-ad74-5fa0ef7a3489]  
[2022-11-24 00:25:23,724: INFO/ForkPoolWorker-7] Task create_task[4bf3fa0e-f459-4d18-ad74-5fa0ef7a3489] succeeded in 1.1379465309437364s: True
[2022-11-24 00:27:43,765: INFO/MainProcess] Connected to redis://redis:6379/0
[2022-11-24 00:27:44,010: INFO/MainProcess] mingle: searching for neighbors
[2022-11-24 00:27:45,272: INFO/MainProcess] mingle: all alone
[2022-11-24 00:27:45,738: INFO/MainProcess] celery@0032cbd1630c ready.
[2022-11-24 00:27:47,595: INFO/MainProcess] Events of group {task} enabled by remote.
[2022-11-24 00:28:57,197: INFO/MainProcess] Received task: create_task[9e7b1fea-c7e7-4ca2-8810-18107ea8f4da]  
[2022-11-24 00:28:58,357: INFO/ForkPoolWorker-7] Task create_task[9e7b1fea-c7e7-4ca2-8810-18107ea8f4da] succeeded in 1.1425435270066373s: True
[2022-11-24 00:31:41,293: INFO/MainProcess] Connected to redis://redis:6379/0
[2022-11-24 00:31:41,419: INFO/MainProcess] mingle: searching for neighbors
[2022-11-24 00:31:42,681: INFO/MainProcess] mingle: all alone
[2022-11-24 00:31:43,264: INFO/MainProcess] celery@e2062138f64a ready.
[2022-11-24 00:31:45,163: INFO/MainProcess] Events of group {task} enabled by remote.
[2022-11-24 00:32:45,492: INFO/MainProcess] Received task: create_task[3762f2c3-597f-4424-85ba-156a6402ea80]  
[2022-11-24 00:32:46,647: INFO/ForkPoolWorker-7] Task create_task[3762f2c3-597f-4424-85ba-156a6402ea80] succeeded in 1.1374148900504224s: True
[2022-11-24 00:51:02,465: INFO/MainProcess] Connected to redis://redis:6379/0
2022-11-24 00:51:02,465 - celery.worker.consumer.connection - INFO - Connected to redis://redis:6379/0
[2022-11-24 00:51:02,593: INFO/MainProcess] mingle: searching for neighbors
2022-11-24 00:51:02,593 - celery.worker.consumer.mingle - INFO - mingle: searching for neighbors
[2022-11-24 00:51:03,856: INFO/MainProcess] mingle: all alone
2022-11-24 00:51:03,856 - celery.worker.consumer.mingle - INFO - mingle: all alone
[2022-11-24 00:51:04,535: INFO/MainProcess] celery@dd0178fccb98 ready.
2022-11-24 00:51:04,535 - celery.apps.worker - INFO - celery@dd0178fccb98 ready.
[2022-11-24 00:51:06,253: INFO/MainProcess] Events of group {task} enabled by remote.
2022-11-24 00:51:06,253 - celery.worker.control - INFO - Events of group {task} enabled by remote.
[2022-11-24 00:52:08,932: INFO/MainProcess] Received task: create_task[06da32e5-d083-4684-87a5-9579c7eba3e9]  
2022-11-24 00:52:08,932 - celery.worker.strategy - INFO - Received task: create_task[06da32e5-d083-4684-87a5-9579c7eba3e9]  
[2022-11-24 00:52:10,074: INFO/ForkPoolWorker-7] Task create_task[06da32e5-d083-4684-87a5-9579c7eba3e9] succeeded in 1.1380436070030555s: True
2022-11-24 00:52:10,074 - celery.app.trace - INFO - Task create_task[06da32e5-d083-4684-87a5-9579c7eba3e9] succeeded in 1.1380436070030555s: True
[2022-11-24 00:54:37,225: INFO/MainProcess] Connected to redis://redis:6379/0
2022-11-24 00:54:37,225 - celery.worker.consumer.connection - INFO - Connected to redis://redis:6379/0
[2022-11-24 00:54:37,354: INFO/MainProcess] mingle: searching for neighbors
2022-11-24 00:54:37,354 - celery.worker.consumer.mingle - INFO - mingle: searching for neighbors
[2022-11-24 00:54:38,616: INFO/MainProcess] mingle: all alone
2022-11-24 00:54:38,616 - celery.worker.consumer.mingle - INFO - mingle: all alone
[2022-11-24 00:54:39,312: INFO/MainProcess] celery@c17f238d8087 ready.
2022-11-24 00:54:39,312 - celery.apps.worker - INFO - celery@c17f238d8087 ready.
[2022-11-24 00:54:41,072: INFO/MainProcess] Events of group {task} enabled by remote.
2022-11-24 00:54:41,072 - celery.worker.control - INFO - Events of group {task} enabled by remote.
[2022-11-24 00:55:55,885: INFO/MainProcess] Received task: create_task[4eab7033-c7ff-4613-872e-838a8056a8f3]  
2022-11-24 00:55:55,885 - celery.worker.strategy - INFO - Received task: create_task[4eab7033-c7ff-4613-872e-838a8056a8f3]  
[2022-11-24 00:55:57,013: INFO/ForkPoolWorker-7] Task create_task[4eab7033-c7ff-4613-872e-838a8056a8f3] succeeded in 1.1246245289803483s: True
2022-11-24 00:55:57,013 - celery.app.trace - INFO - Task create_task[4eab7033-c7ff-4613-872e-838a8056a8f3] succeeded in 1.1246245289803483s: True
[2022-11-24 02:03:08,209: INFO/MainProcess] Connected to redis://redis:6379/0
[2022-11-24 02:03:08,336: INFO/MainProcess] mingle: searching for neighbors
[2022-11-24 02:03:09,606: INFO/MainProcess] mingle: all alone
[2022-11-24 02:03:10,291: INFO/MainProcess] celery@e2fe61f1f36d ready.
[2022-11-24 02:03:11,841: INFO/MainProcess] Events of group {task} enabled by remote.
[2022-11-24 02:04:21,812: INFO/MainProcess] Received task: create_task[18defcd6-47c4-4d71-b4ae-6641c4a52bf9]  
[2022-11-24 02:04:22,967: INFO/ForkPoolWorker-7] Task create_task[18defcd6-47c4-4d71-b4ae-6641c4a52bf9] succeeded in 1.1386558650410734s: True
[2022-11-24 02:10:54,948: INFO/MainProcess] Connected to redis://redis:6379/0
[2022-11-24 02:10:55,075: INFO/MainProcess] mingle: searching for neighbors
[2022-11-24 02:10:56,336: INFO/MainProcess] mingle: all alone
[2022-11-24 02:10:56,931: INFO/MainProcess] celery@0a08086eb633 ready.
[2022-11-24 02:10:58,268: INFO/MainProcess] Events of group {task} enabled by remote.
[2022-11-24 02:12:12,157: INFO/MainProcess] Received task: create_task[489af2f4-dfd1-4c2f-962d-a9e4868882b7]  
[2022-11-24 02:12:13,281: INFO/ForkPoolWorker-7] Task create_task[489af2f4-dfd1-4c2f-962d-a9e4868882b7] succeeded in 1.1185835619689897s: True
[2022-11-24 02:25:03,046: INFO/MainProcess] Connected to redis://redis:6379/0
[2022-11-24 02:25:03,174: INFO/MainProcess] mingle: searching for neighbors
[2022-11-24 02:25:04,435: INFO/MainProcess] mingle: all alone
[2022-11-24 02:25:05,017: INFO/MainProcess] celery@9b19a1856dbd ready.
[2022-11-24 02:25:06,789: INFO/MainProcess] Events of group {task} enabled by remote.
[2022-11-24 02:26:07,753: INFO/MainProcess] Received task: create_task[dfcef02d-52b4-425b-9cf3-158d35808839]  
[2022-11-24 02:26:08,872: INFO/ForkPoolWorker-7] Task create_task[dfcef02d-52b4-425b-9cf3-158d35808839] succeeded in 1.115257291996386s: True
[2022-11-24 02:32:30,465: INFO/MainProcess] Connected to redis://redis:6379/0
[2022-11-24 02:32:30,695: INFO/MainProcess] mingle: searching for neighbors
[2022-11-24 02:32:31,949: INFO/MainProcess] mingle: all alone
[2022-11-24 02:32:32,390: INFO/MainProcess] celery@22ddc0811537 ready.
[2022-11-24 02:32:33,896: INFO/MainProcess] Events of group {task} enabled by remote.
[2022-11-24 02:33:37,251: INFO/MainProcess] Received task: create_task[080e034d-6ec6-47c7-ae59-526867feece8]  
[2022-11-24 02:33:38,375: INFO/ForkPoolWorker-7] Task create_task[080e034d-6ec6-47c7-ae59-526867feece8] succeeded in 1.1202857989701442s: True
[2022-11-24 02:38:07,528: INFO/MainProcess] Connected to redis://redis:6379/0
[2022-11-24 02:38:07,767: INFO/MainProcess] mingle: searching for neighbors
[2022-11-24 02:38:09,038: INFO/MainProcess] mingle: all alone
[2022-11-24 02:38:09,514: INFO/MainProcess] celery@9c8e364a4cf5 ready.
[2022-11-24 02:38:10,916: INFO/MainProcess] Events of group {task} enabled by remote.
[2022-11-24 02:39:23,203: INFO/MainProcess] Received task: create_task[7fed03d7-8dd0-44b2-8f15-2d817a81310f]  
[2022-11-24 02:39:24,344: INFO/ForkPoolWorker-7] Task create_task[7fed03d7-8dd0-44b2-8f15-2d817a81310f] succeeded in 1.1260274380329065s: True
[2022-11-24 02:46:29,241: INFO/MainProcess] Connected to redis://redis:6379/0
[2022-11-24 02:46:29,368: INFO/MainProcess] mingle: searching for neighbors
[2022-11-24 02:46:30,614: INFO/MainProcess] mingle: all alone
[2022-11-24 02:46:31,297: INFO/MainProcess] celery@33f539c2773c ready.
[2022-11-24 02:46:32,802: INFO/MainProcess] Events of group {task} enabled by remote.
[2022-11-24 02:47:42,724: INFO/MainProcess] Received task: create_task[b3fba42e-fbde-4f20-8794-d3c0fe18db3a]  
[2022-11-24 02:47:43,859: INFO/ForkPoolWorker-7] Task create_task[b3fba42e-fbde-4f20-8794-d3c0fe18db3a] succeeded in 1.11718361498788s: True
[2022-11-24 02:52:58,274: INFO/MainProcess] Connected to redis://redis:6379/0
[2022-11-24 02:52:58,512: INFO/MainProcess] mingle: searching for neighbors
[2022-11-24 02:52:59,779: INFO/MainProcess] mingle: all alone
[2022-11-24 02:53:00,253: INFO/MainProcess] celery@5d030058c54e ready.
[2022-11-24 02:53:01,663: INFO/MainProcess] Events of group {task} enabled by remote.
[2022-11-24 02:53:55,783: INFO/MainProcess] Received task: create_task[76209a56-4f2e-4259-87e7-92df1dbc5fc7]  
[2022-11-24 02:53:56,924: INFO/ForkPoolWorker-7] Task create_task[76209a56-4f2e-4259-87e7-92df1dbc5fc7] succeeded in 1.1270419050124474s: True
[2022-11-24 02:59:20,508: INFO/MainProcess] Connected to redis://redis:6379/0
[2022-11-24 02:59:20,756: INFO/MainProcess] mingle: searching for neighbors
[2022-11-24 02:59:22,028: INFO/MainProcess] mingle: all alone
[2022-11-24 02:59:22,501: INFO/MainProcess] celery@44bcc62a814a ready.
[2022-11-24 02:59:23,582: INFO/MainProcess] Events of group {task} enabled by remote.
[2022-11-24 03:00:19,190: INFO/MainProcess] Received task: create_task[a8504199-8dc2-4ee5-8453-a5d158fe9fbe]  
[2022-11-24 03:00:20,341: INFO/ForkPoolWorker-7] Task create_task[a8504199-8dc2-4ee5-8453-a5d158fe9fbe] succeeded in 1.1413960870122537s: True
[2022-11-24 03:13:51,470: INFO/MainProcess] Connected to redis://redis:6379/0
[2022-11-24 03:13:51,597: INFO/MainProcess] mingle: searching for neighbors
[2022-11-24 03:13:52,858: INFO/MainProcess] mingle: all alone
[2022-11-24 03:13:53,547: INFO/MainProcess] celery@5b2a5af358ee ready.
[2022-11-24 03:13:54,238: INFO/MainProcess] Events of group {task} enabled by remote.
[2022-11-24 03:15:04,201: INFO/MainProcess] Received task: create_task[ee2e5676-d37e-4720-8989-3d656e3fbe13]  
[2022-11-24 03:15:05,360: INFO/ForkPoolWorker-7] Task create_task[ee2e5676-d37e-4720-8989-3d656e3fbe13] succeeded in 1.1407336600241251s: True
[2022-11-24 03:23:53,737: INFO/MainProcess] Connected to redis://redis:6379/0
[2022-11-24 03:23:53,864: INFO/MainProcess] mingle: searching for neighbors
[2022-11-24 03:23:55,144: INFO/MainProcess] mingle: all alone
[2022-11-24 03:23:55,757: INFO/MainProcess] celery@f95984dce247 ready.
[2022-11-24 03:23:57,008: INFO/MainProcess] Events of group {task} enabled by remote.
[2022-11-24 03:25:08,383: INFO/MainProcess] Received task: create_task[5f13f36b-6e91-41b2-bc1a-04c8cf468123]  
[2022-11-24 03:25:09,570: INFO/ForkPoolWorker-7] Task create_task[5f13f36b-6e91-41b2-bc1a-04c8cf468123] succeeded in 1.1644028960145079s: True
[2022-11-24 03:32:06,571: INFO/MainProcess] Connected to redis://redis:6379/0
[2022-11-24 03:32:06,810: INFO/MainProcess] mingle: searching for neighbors
[2022-11-24 03:32:08,073: INFO/MainProcess] mingle: all alone
[2022-11-24 03:32:08,542: INFO/MainProcess] celery@c7810a7633dc ready.
[2022-11-24 03:32:10,445: INFO/MainProcess] Events of group {task} enabled by remote.
[2022-11-24 03:33:18,436: INFO/MainProcess] Received task: create_task[37a03ff9-fe14-45b2-ab9a-597cb029d951]  
[2022-11-24 03:33:19,604: INFO/ForkPoolWorker-7] Task create_task[37a03ff9-fe14-45b2-ab9a-597cb029d951] succeeded in 1.1641164239845239s: True
[2022-11-24 03:37:01,172: INFO/MainProcess] Connected to redis://redis:6379/0
[2022-11-24 03:37:01,410: INFO/MainProcess] mingle: searching for neighbors
[2022-11-24 03:37:02,671: INFO/MainProcess] mingle: all alone
[2022-11-24 03:37:03,123: INFO/MainProcess] celery@63bdf844080e ready.
[2022-11-24 03:37:04,635: INFO/MainProcess] Events of group {task} enabled by remote.
[2022-11-24 03:38:07,657: INFO/MainProcess] Received task: create_task[75f4f712-0de9-4fe2-bb16-2aa931648cab]  
[2022-11-24 03:38:08,814: INFO/ForkPoolWorker-7] Task create_task[75f4f712-0de9-4fe2-bb16-2aa931648cab] succeeded in 1.136415474000387s: True
[2022-11-24 03:52:03,972: INFO/MainProcess] Connected to redis://redis:6379/0
[2022-11-24 03:52:04,313: INFO/MainProcess] mingle: searching for neighbors
[2022-11-24 03:52:05,575: INFO/MainProcess] mingle: all alone
[2022-11-24 03:52:06,032: INFO/MainProcess] celery@f0462397d72e ready.
[2022-11-24 03:52:07,577: INFO/MainProcess] Events of group {task} enabled by remote.
[2022-11-24 03:53:11,275: INFO/MainProcess] Received task: create_task[edad3708-a776-4681-98cd-2d463bc5327c]  
[2022-11-24 03:53:12,418: INFO/ForkPoolWorker-7] Task create_task[edad3708-a776-4681-98cd-2d463bc5327c] succeeded in 1.1276560009573586s: True
[2022-11-24 04:11:32,957: INFO/MainProcess] Connected to redis://redis:6379/0
[2022-11-24 04:11:33,202: INFO/MainProcess] mingle: searching for neighbors
[2022-11-24 04:11:34,462: INFO/MainProcess] mingle: all alone
[2022-11-24 04:11:35,031: INFO/MainProcess] celery@c3c29c12cb31 ready.
[2022-11-24 04:11:36,570: INFO/MainProcess] Events of group {task} enabled by remote.
[2022-11-24 04:12:27,073: INFO/MainProcess] Received task: create_task[7681264f-2122-48aa-95cb-f8fc53bd229d]  
[2022-11-24 04:12:28,398: INFO/ForkPoolWorker-7] Task create_task[7681264f-2122-48aa-95cb-f8fc53bd229d] succeeded in 1.2788084899657406s: True
[2022-11-24 04:16:35,788: INFO/MainProcess] Connected to redis://redis:6379/0
[2022-11-24 04:16:35,918: INFO/MainProcess] mingle: searching for neighbors
[2022-11-24 04:16:37,180: INFO/MainProcess] mingle: all alone
[2022-11-24 04:16:37,760: INFO/MainProcess] celery@318d461d75e3 ready.
[2022-11-24 04:16:39,284: INFO/MainProcess] Events of group {task} enabled by remote.
[2022-11-24 04:17:43,441: INFO/MainProcess] Received task: create_task[03db4e40-46dc-4356-b82c-156a94f53efb]  
[2022-11-24 04:17:44,579: INFO/ForkPoolWorker-7] Task create_task[03db4e40-46dc-4356-b82c-156a94f53efb] succeeded in 1.1329161199973896s: True
[2022-11-24 04:22:35,241: INFO/MainProcess] Connected to redis://redis:6379/0
[2022-11-24 04:22:35,366: INFO/MainProcess] mingle: searching for neighbors
[2022-11-24 04:22:36,607: INFO/MainProcess] mingle: all alone
[2022-11-24 04:22:37,173: INFO/MainProcess] celery@c9003233d063 ready.
[2022-11-24 04:22:38,636: INFO/MainProcess] Events of group {task} enabled by remote.
[2022-11-24 04:23:42,666: INFO/MainProcess] Received task: create_task[712bc510-19d3-4bdb-997f-5d9b4bc1a854]  
[2022-11-24 04:23:43,816: INFO/ForkPoolWorker-7] Task create_task[712bc510-19d3-4bdb-997f-5d9b4bc1a854] succeeded in 1.1378835589857772s: True
[2022-11-24 04:31:43,731: INFO/MainProcess] Connected to redis://redis:6379/0
[2022-11-24 04:31:43,971: INFO/MainProcess] mingle: searching for neighbors
[2022-11-24 04:31:45,235: INFO/MainProcess] mingle: all alone
[2022-11-24 04:31:45,696: INFO/MainProcess] celery@73cc1c74304c ready.
[2022-11-24 04:31:47,004: INFO/MainProcess] Events of group {task} enabled by remote.
[2022-11-24 04:32:52,961: INFO/MainProcess] Received task: create_task[f804acb9-f8b1-4097-8534-81f6ba4c5944]  
[2022-11-24 04:32:54,166: INFO/ForkPoolWorker-7] Task create_task[f804acb9-f8b1-4097-8534-81f6ba4c5944] succeeded in 1.1881011920049787s: True
[2022-11-24 04:37:17,948: INFO/MainProcess] Connected to redis://redis:6379/0
[2022-11-24 04:37:18,076: INFO/MainProcess] mingle: searching for neighbors
[2022-11-24 04:37:19,338: INFO/MainProcess] mingle: all alone
[2022-11-24 04:37:19,920: INFO/MainProcess] celery@89297c24c3c3 ready.
[2022-11-24 04:37:21,495: INFO/MainProcess] Events of group {task} enabled by remote.
[2022-11-24 04:38:26,638: INFO/MainProcess] Received task: create_task[bec00fe7-5c40-4b09-9056-6252183d9230]  
[2022-11-24 04:38:27,778: INFO/ForkPoolWorker-7] Task create_task[bec00fe7-5c40-4b09-9056-6252183d9230] succeeded in 1.1260022099595517s: True
[2022-11-24 19:58:26,852: INFO/MainProcess] Connected to redis://redis:6379/0
[2022-11-24 19:58:26,983: INFO/MainProcess] mingle: searching for neighbors
[2022-11-24 19:58:28,246: INFO/MainProcess] mingle: all alone
[2022-11-24 19:58:28,833: INFO/MainProcess] celery@2f23c3f98b24 ready.
[2022-11-24 19:58:30,172: INFO/MainProcess] Events of group {task} enabled by remote.
[2022-11-24 19:59:53,075: INFO/MainProcess] Received task: create_task[026260e5-81b4-4f5f-a93e-7ae2b62f89ba]  
[2022-11-24 19:59:54,253: INFO/ForkPoolWorker-7] Task create_task[026260e5-81b4-4f5f-a93e-7ae2b62f89ba] succeeded in 1.1686407190281898s: True
[2022-11-25 03:49:52,362: INFO/MainProcess] Connected to redis://redis:6379/0
[2022-11-25 03:50:22,479: INFO/MainProcess] mingle: searching for neighbors
[2022-11-25 03:51:12,880: INFO/MainProcess] mingle: all alone
[2022-11-25 03:52:53,520: INFO/MainProcess] celery@64ff5a332a5c ready.
[2022-11-25 04:00:09,638: INFO/MainProcess] Received task: create_task[07018c68-c40c-406f-8c03-d6ccc8fa12ea]  
[2022-11-25 04:00:39,797: INFO/ForkPoolWorker-7] Task create_task[07018c68-c40c-406f-8c03-d6ccc8fa12ea] succeeded in 30.142421290045604s: True
